<?xml version="1.0" encoding="UTF-8"?>
<!-- Generated by org.testng.reporters.JUnitReportReporter -->
<testsuite skipped="0" hostname="Mahesh-PC" name="com.git.github.GmailLogin" tests="1" failures="0" timestamp="14 Dec 2018 13:02:31 GMT" time="27.308" errors="0">
  <testcase name="main" time="27.308" classname="com.git.github.GmailLogin"/>
</testsuite> <!-- com.git.github.GmailLogin -->
